<?xml version="1.0" encoding="UTF-8"?>
<testsuite name="com.kodilla.stream.array.ArrayOperationsTestSuite" tests="1" skipped="0" failures="0" errors="0" timestamp="2021-09-07T20:42:48" hostname="PPL" time="0.062">
  <properties/>
  <testcase name="testGetAverage()" classname="com.kodilla.stream.array.ArrayOperationsTestSuite" time="0.062"/>
  <system-out><![CDATA[1
15
4
11
5
9
84
63
6
12
5
44
15
19
45
1
15
6
17
10
]]></system-out>
  <system-err><![CDATA[]]></system-err>
</testsuite>
